  raudio.c
C:\Users\Server\Documents\GitHub\TinyLand_A7\TinyLand\raylib-master\src\external\jar_xm.h(130,53): warning C4244: “=”: 从“float”转换到“short”，可能丢失数据
C:\Users\Server\Documents\GitHub\TinyLand_A7\TinyLand\raylib-master\src\external\jar_xm.h(143,53): warning C4244: “=”: 从“float”转换到“char”，可能丢失数据
C:\Users\Server\Documents\GitHub\TinyLand_A7\TinyLand\raylib-master\src\external\jar_xm.h(242,1): warning C4005: “DEBUG”: 宏重定义
C:\Users\Server\Documents\GitHub\TinyLand_A7\TinyLand\raylib-master\src\external\jar_xm.h(242,1): message : 之前在命令行上声明的“DEBUG”
C:\Users\Server\Documents\GitHub\TinyLand_A7\TinyLand\raylib-master\src\external\jar_xm.h(784,1): warning C4819: 该文件包含不能在当前代码页(936)中表示的字符。请将该文件保存为 Unicode 格式以防止数据丢失
C:\Users\Server\Documents\GitHub\TinyLand_A7\TinyLand\raylib-master\src\external\jar_xm.h(1238,47): warning C4244: “=”: 从“uint16_t”转换到“uint8_t”，可能丢失数据
C:\Users\Server\Documents\GitHub\TinyLand_A7\TinyLand\raylib-master\src\external\jar_xm.h(1254,28): warning C4244: “初始化”: 从“float”转换到“unsigned int”，可能丢失数据
C:\Users\Server\Documents\GitHub\TinyLand_A7\TinyLand\raylib-master\src\external\jar_xm.h(1256,33): warning C4244: “初始化”: 从“float”转换到“int8_t”，可能丢失数据
C:\Users\Server\Documents\GitHub\TinyLand_A7\TinyLand\raylib-master\src\external\jar_xm.h(1404,1): warning C4819: 该文件包含不能在当前代码页(936)中表示的字符。请将该文件保存为 Unicode 格式以防止数据丢失
C:\Users\Server\Documents\GitHub\TinyLand_A7\TinyLand\raylib-master\src\external\jar_xm.h(1417,43): warning C4244: “=”: 从“uint32_t”转换到“float”，可能丢失数据
C:\Users\Server\Documents\GitHub\TinyLand_A7\TinyLand\raylib-master\src\external\jar_xm.h(1424,53): warning C4244: “=”: 从“uint32_t”转换到“float”，可能丢失数据
C:\Users\Server\Documents\GitHub\TinyLand_A7\TinyLand\raylib-master\src\external\jar_xm.h(1426,43): warning C4244: “=”: 从“uint32_t”转换到“float”，可能丢失数据
C:\Users\Server\Documents\GitHub\TinyLand_A7\TinyLand\raylib-master\src\external\jar_xm.h(1437,43): warning C4244: “=”: 从“uint32_t”转换到“float”，可能丢失数据
C:\Users\Server\Documents\GitHub\TinyLand_A7\TinyLand\raylib-master\src\external\jar_xm.h(1464,41): warning C4244: “函数”: 从“int”转换到“float”，可能丢失数据
C:\Users\Server\Documents\GitHub\TinyLand_A7\TinyLand\raylib-master\src\external\jar_xm.h(1824,41): warning C4244: “函数”: 从“int”转换到“float”，可能丢失数据
C:\Users\Server\Documents\GitHub\TinyLand_A7\TinyLand\raylib-master\src\external\jar_xm.h(1933,31): warning C4244: “=”: 从“double”转换到“float”，可能丢失数据
C:\Users\Server\Documents\GitHub\TinyLand_A7\TinyLand\raylib-master\src\external\jar_xm.h(1990,33): warning C4244: “=”: 从“float”转换到“uint32_t”，可能丢失数据
C:\Users\Server\Documents\GitHub\TinyLand_A7\TinyLand\raylib-master\src\external\jar_xm.h(2029,45): warning C4244: “=”: 从“uint32_t”转换到“float”，可能丢失数据
C:\Users\Server\Documents\GitHub\TinyLand_A7\TinyLand\raylib-master\src\external\jar_xm.h(2162,21): warning C4244: “+=”: 从“float”转换到“uint64_t”，可能丢失数据
C:\Users\Server\Documents\GitHub\TinyLand_A7\TinyLand\raylib-master\src\external\jar_xm.h(2322,38): warning C4244: “初始化”: 从“double”转换到“int”，可能丢失数据
C:\Users\Server\Documents\GitHub\TinyLand_A7\TinyLand\raylib-master\src\raudio.c(1757,45): warning C4244: “初始化”: 从“drwav_uint64”转换到“int”，可能丢失数据
C:\Users\Server\Documents\GitHub\TinyLand_A7\TinyLand\raylib-master\src\raudio.c(1768,45): warning C4244: “初始化”: 从“drwav_uint64”转换到“int”，可能丢失数据
C:\Users\Server\Documents\GitHub\TinyLand_A7\TinyLand\raylib-master\src\raudio.c(1808,41): warning C4244: “初始化”: 从“drmp3_uint64”转换到“int”，可能丢失数据
  rcore.c
  rglfw.c
  rmodels.c
C:\Users\Server\Documents\GitHub\TinyLand_A7\TinyLand\raylib-master\src\external\par_shapes.h(225,56): warning C4305: “初始化”: 从“double”到“float”截断
C:\Users\Server\Documents\GitHub\TinyLand_A7\TinyLand\raylib-master\src\external\par_shapes.h(226,60): warning C4305: “初始化”: 从“double”到“float”截断
C:\Users\Server\Documents\GitHub\TinyLand_A7\TinyLand\raylib-master\src\external\par_shapes.h(294,18): warning C4244: “初始化”: 从“double”转换到“float”，可能丢失数据
C:\Users\Server\Documents\GitHub\TinyLand_A7\TinyLand\raylib-master\src\external\par_shapes.h(574,23): warning C4244: “初始化”: 从“double”转换到“float”，可能丢失数据
C:\Users\Server\Documents\GitHub\TinyLand_A7\TinyLand\raylib-master\src\external\par_shapes.h(575,29): warning C4244: “初始化”: 从“double”转换到“float”，可能丢失数据
C:\Users\Server\Documents\GitHub\TinyLand_A7\TinyLand\raylib-master\src\external\par_shapes.h(583,23): warning C4244: “初始化”: 从“double”转换到“float”，可能丢失数据
C:\Users\Server\Documents\GitHub\TinyLand_A7\TinyLand\raylib-master\src\external\par_shapes.h(584,25): warning C4244: “初始化”: 从“double”转换到“float”，可能丢失数据
C:\Users\Server\Documents\GitHub\TinyLand_A7\TinyLand\raylib-master\src\external\par_shapes.h(608,20): warning C4244: “函数”: 从“double”转换到“float”，可能丢失数据
C:\Users\Server\Documents\GitHub\TinyLand_A7\TinyLand\raylib-master\src\external\par_shapes.h(599,21): warning C4244: “初始化”: 从“double”转换到“float”，可能丢失数据
C:\Users\Server\Documents\GitHub\TinyLand_A7\TinyLand\raylib-master\src\external\par_shapes.h(600,25): warning C4244: “初始化”: 从“double”转换到“float”，可能丢失数据
C:\Users\Server\Documents\GitHub\TinyLand_A7\TinyLand\raylib-master\src\external\par_shapes.h(616,29): warning C4244: “初始化”: 从“double”转换到“float”，可能丢失数据
C:\Users\Server\Documents\GitHub\TinyLand_A7\TinyLand\raylib-master\src\external\par_shapes.h(625,29): warning C4244: “初始化”: 从“double”转换到“float”，可能丢失数据
C:\Users\Server\Documents\GitHub\TinyLand_A7\TinyLand\raylib-master\src\external\par_shapes.h(635,29): warning C4244: “初始化”: 从“double”转换到“float”，可能丢失数据
C:\Users\Server\Documents\GitHub\TinyLand_A7\TinyLand\raylib-master\src\external\par_shapes.h(636,27): warning C4244: “初始化”: 从“double”转换到“float”，可能丢失数据
C:\Users\Server\Documents\GitHub\TinyLand_A7\TinyLand\raylib-master\src\external\par_shapes.h(658,44): warning C4244: “=”: 从“double”转换到“float”，可能丢失数据
C:\Users\Server\Documents\GitHub\TinyLand_A7\TinyLand\raylib-master\src\external\par_shapes.h(660,44): warning C4244: “=”: 从“double”转换到“float”，可能丢失数据
C:\Users\Server\Documents\GitHub\TinyLand_A7\TinyLand\raylib-master\src\external\par_shapes.h(661,21): warning C4244: “=”: 从“double”转换到“float”，可能丢失数据
C:\Users\Server\Documents\GitHub\TinyLand_A7\TinyLand\raylib-master\src\external\par_shapes.h(667,16): warning C4244: “=”: 从“double”转换到“float”，可能丢失数据
C:\Users\Server\Documents\GitHub\TinyLand_A7\TinyLand\raylib-master\src\external\par_shapes.h(668,16): warning C4244: “=”: 从“double”转换到“float”，可能丢失数据
C:\Users\Server\Documents\GitHub\TinyLand_A7\TinyLand\raylib-master\src\external\par_shapes.h(669,16): warning C4244: “=”: 从“double”转换到“float”，可能丢失数据
C:\Users\Server\Documents\GitHub\TinyLand_A7\TinyLand\raylib-master\src\external\par_shapes.h(650,37): warning C4244: “初始化”: 从“double”转换到“const float”，可能丢失数据
C:\Users\Server\Documents\GitHub\TinyLand_A7\TinyLand\raylib-master\src\external\par_shapes.h(651,31): warning C4244: “初始化”: 从“double”转换到“const float”，可能丢失数据
C:\Users\Server\Documents\GitHub\TinyLand_A7\TinyLand\raylib-master\src\external\par_shapes.h(652,23): warning C4244: “初始化”: 从“double”转换到“const float”，可能丢失数据
C:\Users\Server\Documents\GitHub\TinyLand_A7\TinyLand\raylib-master\src\external\par_shapes.h(653,23): warning C4244: “初始化”: 从“double”转换到“const float”，可能丢失数据
C:\Users\Server\Documents\GitHub\TinyLand_A7\TinyLand\raylib-master\src\external\par_shapes.h(654,23): warning C4244: “初始化”: 从“double”转换到“const float”，可能丢失数据
C:\Users\Server\Documents\GitHub\TinyLand_A7\TinyLand\raylib-master\src\external\par_shapes.h(655,23): warning C4244: “初始化”: 从“double”转换到“const float”，可能丢失数据
C:\Users\Server\Documents\GitHub\TinyLand_A7\TinyLand\raylib-master\src\external\par_shapes.h(727,28): warning C4244: “=”: 从“double”转换到“float”，可能丢失数据
C:\Users\Server\Documents\GitHub\TinyLand_A7\TinyLand\raylib-master\src\external\par_shapes.h(728,28): warning C4244: “=”: 从“double”转换到“float”，可能丢失数据
C:\Users\Server\Documents\GitHub\TinyLand_A7\TinyLand\raylib-master\src\external\par_shapes.h(752,29): warning C4244: “函数”: 从“double”转换到“float”，可能丢失数据
C:\Users\Server\Documents\GitHub\TinyLand_A7\TinyLand\raylib-master\src\external\par_shapes.h(726,38): warning C4244: “初始化”: 从“double”转换到“float”，可能丢失数据
C:\Users\Server\Documents\GitHub\TinyLand_A7\TinyLand\raylib-master\src\external\par_shapes.h(835,35): warning C4244: “=”: 从“int”转换到“float”，可能丢失数据
C:\Users\Server\Documents\GitHub\TinyLand_A7\TinyLand\raylib-master\src\external\par_shapes.h(836,35): warning C4244: “=”: 从“int”转换到“float”，可能丢失数据
C:\Users\Server\Documents\GitHub\TinyLand_A7\TinyLand\raylib-master\src\external\par_shapes.h(837,35): warning C4244: “=”: 从“int”转换到“float”，可能丢失数据
C:\Users\Server\Documents\GitHub\TinyLand_A7\TinyLand\raylib-master\src\external\par_shapes.h(883,1): warning C4305: “初始化”: 从“double”到“float”截断
C:\Users\Server\Documents\GitHub\TinyLand_A7\TinyLand\raylib-master\src\external\par_shapes.h(931,1): warning C4305: “初始化”: 从“double”到“float”截断
C:\Users\Server\Documents\GitHub\TinyLand_A7\TinyLand\raylib-master\src\external\par_shapes.h(1031,1): warning C4305: “初始化”: 从“double”到“float”截断
C:\Users\Server\Documents\GitHub\TinyLand_A7\TinyLand\raylib-master\src\external\par_shapes.h(1362,21): warning C4244: “=”: 从“double”转换到“float”，可能丢失数据
C:\Users\Server\Documents\GitHub\TinyLand_A7\TinyLand\raylib-master\src\external\par_shapes.h(1364,58): warning C4244: “函数”: 从“double”转换到“float”，可能丢失数据
C:\Users\Server\Documents\GitHub\TinyLand_A7\TinyLand\raylib-master\src\external\par_shapes.h(1366,58): warning C4244: “函数”: 从“double”转换到“float”，可能丢失数据
C:\Users\Server\Documents\GitHub\TinyLand_A7\TinyLand\raylib-master\src\external\par_shapes.h(1368,58): warning C4244: “函数”: 从“double”转换到“float”，可能丢失数据
C:\Users\Server\Documents\GitHub\TinyLand_A7\TinyLand\raylib-master\src\external\par_shapes.h(1525,38): warning C4305: “函数”: 从“double”到“float”截断
C:\Users\Server\Documents\GitHub\TinyLand_A7\TinyLand\raylib-master\src\external\par_shapes.h(1542,20): warning C4244: “*=”: 从“double”转换到“float”，可能丢失数据
C:\Users\Server\Documents\GitHub\TinyLand_A7\TinyLand\raylib-master\src\external\par_shapes.h(1543,20): warning C4244: “*=”: 从“double”转换到“float”，可能丢失数据
C:\Users\Server\Documents\GitHub\TinyLand_A7\TinyLand\raylib-master\src\external\par_shapes.h(1544,20): warning C4244: “*=”: 从“double”转换到“float”，可能丢失数据
C:\Users\Server\Documents\GitHub\TinyLand_A7\TinyLand\raylib-master\src\external\par_shapes.h(1546,39): warning C4244: “=”: 从“double”转换到“float”，可能丢失数据
C:\Users\Server\Documents\GitHub\TinyLand_A7\TinyLand\raylib-master\src\external\par_shapes.h(1830,33): warning C4244: “函数”: 从“double”转换到“float”，可能丢失数据
C:\Users\Server\Documents\GitHub\TinyLand_A7\TinyLand\raylib-master\src\external\par_shapes.h(1830,49): warning C4244: “函数”: 从“double”转换到“float”，可能丢失数据
C:\Users\Server\Documents\GitHub\TinyLand_A7\TinyLand\raylib-master\src\external\par_shapes.h(1830,65): warning C4244: “函数”: 从“double”转换到“float”，可能丢失数据
C:\Users\Server\Documents\GitHub\TinyLand_A7\TinyLand\raylib-master\src\external\par_shapes.h(1799,30): warning C4244: “初始化”: 从“int”转换到“float”，可能丢失数据
C:\Users\Server\Documents\GitHub\TinyLand_A7\TinyLand\raylib-master\src\rmodels.c(5137,35): warning C4018: “<”: 有符号/无符号不匹配
C:\Users\Server\Documents\GitHub\TinyLand_A7\TinyLand\raylib-master\src\rmodels.c(5154,39): warning C4018: “<”: 有符号/无符号不匹配
C:\Users\Server\Documents\GitHub\TinyLand_A7\TinyLand\raylib-master\src\rmodels.c(5203,60): warning C4244: “=”: 从“double”转换到“float”，可能丢失数据
C:\Users\Server\Documents\GitHub\TinyLand_A7\TinyLand\raylib-master\src\rmodels.c(5205,60): warning C4244: “=”: 从“double”转换到“float”，可能丢失数据
C:\Users\Server\Documents\GitHub\TinyLand_A7\TinyLand\raylib-master\src\rmodels.c(5207,60): warning C4244: “=”: 从“double”转换到“float”，可能丢失数据
C:\Users\Server\Documents\GitHub\TinyLand_A7\TinyLand\raylib-master\src\rmodels.c(5231,55): warning C4018: “<”: 有符号/无符号不匹配
C:\Users\Server\Documents\GitHub\TinyLand_A7\TinyLand\raylib-master\src\rmodels.c(5251,23): warning C4018: “<”: 有符号/无符号不匹配
C:\Users\Server\Documents\GitHub\TinyLand_A7\TinyLand\raylib-master\src\rmodels.c(5328,27): warning C4018: “<”: 有符号/无符号不匹配
C:\Users\Server\Documents\GitHub\TinyLand_A7\TinyLand\raylib-master\src\rmodels.c(5429,27): warning C4018: “<”: 有符号/无符号不匹配
C:\Users\Server\Documents\GitHub\TinyLand_A7\TinyLand\raylib-master\src\rmodels.c(5448,35): warning C4018: “<”: 有符号/无符号不匹配
  rshapes.c
C:\Users\Server\Documents\GitHub\TinyLand_A7\TinyLand\raylib-master\src\rshapes.c(109,20): warning C4244: “函数”: 从“int”转换到“float”，可能丢失数据
C:\Users\Server\Documents\GitHub\TinyLand_A7\TinyLand\raylib-master\src\rshapes.c(109,26): warning C4244: “函数”: 从“int”转换到“float”，可能丢失数据
C:\Users\Server\Documents\GitHub\TinyLand_A7\TinyLand\raylib-master\src\rshapes.c(110,25): warning C4244: “函数”: 从“int”转换到“float”，可能丢失数据
C:\Users\Server\Documents\GitHub\TinyLand_A7\TinyLand\raylib-master\src\rshapes.c(110,35): warning C4244: “函数”: 从“int”转换到“float”，可能丢失数据
C:\Users\Server\Documents\GitHub\TinyLand_A7\TinyLand\raylib-master\src\rshapes.c(129,20): warning C4244: “函数”: 从“int”转换到“float”，可能丢失数据
C:\Users\Server\Documents\GitHub\TinyLand_A7\TinyLand\raylib-master\src\rshapes.c(129,31): warning C4244: “函数”: 从“int”转换到“float”，可能丢失数据
C:\Users\Server\Documents\GitHub\TinyLand_A7\TinyLand\raylib-master\src\rshapes.c(130,20): warning C4244: “函数”: 从“int”转换到“float”，可能丢失数据
C:\Users\Server\Documents\GitHub\TinyLand_A7\TinyLand\raylib-master\src\rshapes.c(130,29): warning C4244: “函数”: 从“int”转换到“float”，可能丢失数据
  rtext.c
  rtextures.c
C:\Users\Server\Documents\GitHub\TinyLand_A7\TinyLand\raylib-master\src\external\qoi.h(662,15): warning C4267: “=”: 从“size_t”转换到“int”，可能丢失数据
  utils.c
  正在生成代码...
  raylib.vcxproj -> C:\Users\Server\Documents\GitHub\TinyLand_A7\TinyLand\_bin\Debug\raylib.lib
